<?xml version="1.0" encoding="UTF-8"?>
<testng-results skipped="0" failed="0" ignored="0" total="3" passed="3">
  <reporter-output>
  </reporter-output>
  <suite name="Default suite" duration-ms="192892" started-at="2018-04-10T16:05:42Z" finished-at="2018-04-10T16:08:55Z">
    <groups>
    </groups>
    <test name="Default test" duration-ms="192892" started-at="2018-04-10T16:05:42Z" finished-at="2018-04-10T16:08:55Z">
      <class name="com.tests.LoginToKhanAcademy">
        <test-method status="PASS" signature="ExtentReports3()[pri:0, instance:com.tests.LoginToKhanAcademy@5c7fa833]" name="ExtentReports3" is-config="true" duration-ms="275" started-at="2018-04-10T21:35:42Z" finished-at="2018-04-10T21:35:42Z">
          <reporter-output>
          </reporter-output>
        </test-method> <!-- ExtentReports3 -->
        <test-method status="PASS" signature="setUp()[pri:0, instance:com.tests.LoginToKhanAcademy@5c7fa833]" name="setUp" is-config="true" duration-ms="29630" started-at="2018-04-10T21:35:42Z" finished-at="2018-04-10T21:36:12Z">
          <reporter-output>
          </reporter-output>
        </test-method> <!-- setUp -->
        <test-method status="PASS" signature="loginWithAcademyCredentials()[pri:0, instance:com.tests.LoginToKhanAcademy@5c7fa833]" name="loginWithAcademyCredentials" duration-ms="24583" started-at="2018-04-10T21:36:12Z" description="Login to the application with Account credentials" finished-at="2018-04-10T21:36:36Z">
          <reporter-output>
          </reporter-output>
        </test-method> <!-- loginWithAcademyCredentials -->
        <test-method status="PASS" signature="closureActivities()[pri:0, instance:com.tests.LoginToKhanAcademy@5c7fa833]" name="closureActivities" is-config="true" duration-ms="13" started-at="2018-04-10T21:36:36Z" finished-at="2018-04-10T21:36:36Z">
          <reporter-output>
          </reporter-output>
        </test-method> <!-- closureActivities -->
        <test-method status="PASS" signature="getResult(org.testng.ITestResult)[pri:0, instance:com.tests.LoginToKhanAcademy@5c7fa833]" name="getResult" is-config="true" duration-ms="1" started-at="2018-04-10T21:36:36Z" finished-at="2018-04-10T21:36:36Z">
          <params>
            <param index="0">
              <value>
                <![CDATA[[TestResult name=loginWithAcademyCredentials status=SUCCESS method=LoginToKhanAcademy.loginWithAcademyCredentials()[pri:0, instance:com.tests.LoginToKhanAcademy@5c7fa833] output={null}]]]>
              </value>
            </param>
          </params>
          <reporter-output>
          </reporter-output>
        </test-method> <!-- getResult -->
        <test-method status="PASS" signature="setUp()[pri:0, instance:com.tests.LoginToKhanAcademy@5c7fa833]" name="setUp" is-config="true" duration-ms="43443" started-at="2018-04-10T21:36:36Z" finished-at="2018-04-10T21:37:20Z">
          <reporter-output>
          </reporter-output>
        </test-method> <!-- setUp -->
        <test-method status="PASS" signature="loginWithFBCredentials()[pri:1, instance:com.tests.LoginToKhanAcademy@5c7fa833]" name="loginWithFBCredentials" duration-ms="74033" started-at="2018-04-10T21:37:20Z" description="Login to the application with facebook credentials" finished-at="2018-04-10T21:38:34Z">
          <reporter-output>
          </reporter-output>
        </test-method> <!-- loginWithFBCredentials -->
        <test-method status="PASS" signature="closureActivities()[pri:0, instance:com.tests.LoginToKhanAcademy@5c7fa833]" name="closureActivities" is-config="true" duration-ms="8" started-at="2018-04-10T21:38:34Z" finished-at="2018-04-10T21:38:34Z">
          <reporter-output>
          </reporter-output>
        </test-method> <!-- closureActivities -->
        <test-method status="PASS" signature="getResult(org.testng.ITestResult)[pri:0, instance:com.tests.LoginToKhanAcademy@5c7fa833]" name="getResult" is-config="true" duration-ms="1" started-at="2018-04-10T21:38:34Z" finished-at="2018-04-10T21:38:34Z">
          <params>
            <param index="0">
              <value>
                <![CDATA[[TestResult name=loginWithFBCredentials status=SUCCESS method=LoginToKhanAcademy.loginWithFBCredentials()[pri:1, instance:com.tests.LoginToKhanAcademy@5c7fa833] output={null}]]]>
              </value>
            </param>
          </params>
          <reporter-output>
          </reporter-output>
        </test-method> <!-- getResult -->
        <test-method status="PASS" signature="setUp()[pri:0, instance:com.tests.LoginToKhanAcademy@5c7fa833]" name="setUp" is-config="true" duration-ms="14861" started-at="2018-04-10T21:38:34Z" finished-at="2018-04-10T21:38:49Z">
          <reporter-output>
          </reporter-output>
        </test-method> <!-- setUp -->
        <test-method status="PASS" signature="blankLogin()[pri:2, instance:com.tests.LoginToKhanAcademy@5c7fa833]" name="blankLogin" duration-ms="6013" started-at="2018-04-10T21:38:49Z" description="A simple negative Scenario with blank login" finished-at="2018-04-10T21:38:55Z">
          <reporter-output>
          </reporter-output>
        </test-method> <!-- blankLogin -->
        <test-method status="PASS" signature="closureActivities()[pri:0, instance:com.tests.LoginToKhanAcademy@5c7fa833]" name="closureActivities" is-config="true" duration-ms="9" started-at="2018-04-10T21:38:55Z" finished-at="2018-04-10T21:38:55Z">
          <reporter-output>
          </reporter-output>
        </test-method> <!-- closureActivities -->
        <test-method status="PASS" signature="getResult(org.testng.ITestResult)[pri:0, instance:com.tests.LoginToKhanAcademy@5c7fa833]" name="getResult" is-config="true" duration-ms="0" started-at="2018-04-10T21:38:55Z" finished-at="2018-04-10T21:38:55Z">
          <params>
            <param index="0">
              <value>
                <![CDATA[[TestResult name=blankLogin status=SUCCESS method=LoginToKhanAcademy.blankLogin()[pri:2, instance:com.tests.LoginToKhanAcademy@5c7fa833] output={null}]]]>
              </value>
            </param>
          </params>
          <reporter-output>
          </reporter-output>
        </test-method> <!-- getResult -->
      </class> <!-- com.tests.LoginToKhanAcademy -->
    </test> <!-- Default test -->
  </suite> <!-- Default suite -->
</testng-results>
