<?xml version="1.0" encoding="UTF-8"?>
<!-- Generated by org.testng.reporters.JUnitXMLReporter -->
<testsuite hostname="HW0466" ignored="0" name="Default test" tests="3" failures="0" timestamp="10 Apr 2018 16:08:55 GMT" time="192.892" errors="0">
  <testcase name="loginWithAcademyCredentials" time="24.583" classname="com.tests.LoginToKhanAcademy"/>
  <testcase name="loginWithFBCredentials" time="74.033" classname="com.tests.LoginToKhanAcademy"/>
  <testcase name="blankLogin" time="6.013" classname="com.tests.LoginToKhanAcademy"/>
</testsuite> <!-- Default test -->
